<?xml version="1.0" encoding="UTF-8"?>
<!-- Generated by org.testng.reporters.JUnitXMLReporter -->
<testsuite hostname="LAPTOP-2CUPC0SH" ignored="0" name="Test2" tests="1" failures="0" timestamp="10 Apr 2020 10:02:13 GMT" time="0.009" errors="0">
  <testcase name="@BeforeClass setup" time="0.002" classname="com.nopcommerce.testCases.BaseClass">
    <failure type="java.lang.NullPointerException">
      <![CDATA[java.lang.NullPointerException
at com.nopcommerce.testCases.BaseClass.setup(BaseClass.java:34)
... Removed 26 stack frames]]>
    </failure>
  </testcase> <!-- @BeforeClass setup -->
  <testcase name="@AfterClass tearDown" time="0.0" classname="com.nopcommerce.testCases.BaseClass">
    <skipped/>
  </testcase> <!-- @AfterClass tearDown -->
  <testcase name="loginTest" time="0.0" classname="com.nopcommerce.testCases.TC_LoginTest">
    <skipped/>
  </testcase> <!-- loginTest -->
</testsuite> <!-- Test2 -->
