<?xml version="1.0" encoding="UTF-8"?>
<testng-results ignored="0" total="2" passed="2" failed="0" skipped="0">
  <reporter-output>
  </reporter-output>
  <suite started-at="2020-04-13T14:13:32Z" name="nopCommerce" finished-at="2020-04-13T14:14:32Z" duration-ms="59613">
    <groups>
    </groups>
    <test started-at="2020-04-13T14:13:32Z" name="Test1" finished-at="2020-04-13T14:14:32Z" duration-ms="59613">
      <class name="com.nopcommerce.testCases.TC_LoginTest">
        <test-method is-config="true" signature="setup(java.lang.String)[pri:0, instance:com.nopcommerce.testCases.TC_LoginTest@3439f68d]" started-at="2020-04-13T14:13:32Z" name="setup" finished-at="2020-04-13T14:13:38Z" duration-ms="5640" status="PASS">
          <params>
            <param index="0">
              <value>
                <![CDATA[chrome]]>
              </value>
            </param>
          </params>
          <reporter-output>
          </reporter-output>
        </test-method> <!-- setup -->
        <test-method signature="loginTest()[pri:0, instance:com.nopcommerce.testCases.TC_LoginTest@3439f68d]" started-at="2020-04-13T14:13:38Z" name="loginTest" finished-at="2020-04-13T14:13:54Z" duration-ms="16313" status="PASS">
          <reporter-output>
          </reporter-output>
        </test-method> <!-- loginTest -->
        <test-method is-config="true" signature="tearDown()[pri:0, instance:com.nopcommerce.testCases.TC_LoginTest@3439f68d]" started-at="2020-04-13T14:13:54Z" name="tearDown" finished-at="2020-04-13T14:13:55Z" duration-ms="627" status="PASS">
          <reporter-output>
          </reporter-output>
        </test-method> <!-- tearDown -->
      </class> <!-- com.nopcommerce.testCases.TC_LoginTest -->
      <class name="com.nopcommerce.testCases.TC_AddCustomerTest_003">
        <test-method is-config="true" signature="setup(java.lang.String)[pri:0, instance:com.nopcommerce.testCases.TC_AddCustomerTest_003@dbd940d]" started-at="2020-04-13T14:13:55Z" name="setup" finished-at="2020-04-13T14:14:00Z" duration-ms="5167" status="PASS">
          <params>
            <param index="0">
              <value>
                <![CDATA[chrome]]>
              </value>
            </param>
          </params>
          <reporter-output>
          </reporter-output>
        </test-method> <!-- setup -->
        <test-method signature="addNewCustomer()[pri:0, instance:com.nopcommerce.testCases.TC_AddCustomerTest_003@dbd940d]" started-at="2020-04-13T14:14:00Z" name="addNewCustomer" finished-at="2020-04-13T14:14:31Z" duration-ms="31050" status="PASS">
          <reporter-output>
          </reporter-output>
        </test-method> <!-- addNewCustomer -->
        <test-method is-config="true" signature="tearDown()[pri:0, instance:com.nopcommerce.testCases.TC_AddCustomerTest_003@dbd940d]" started-at="2020-04-13T14:14:31Z" name="tearDown" finished-at="2020-04-13T14:14:32Z" duration-ms="620" status="PASS">
          <reporter-output>
          </reporter-output>
        </test-method> <!-- tearDown -->
      </class> <!-- com.nopcommerce.testCases.TC_AddCustomerTest_003 -->
    </test> <!-- Test1 -->
  </suite> <!-- nopCommerce -->
</testng-results>
