<?xml version="1.0" encoding="UTF-8"?>
<testng-results skipped="0" failed="0" ignored="0" total="2" passed="2">
  <reporter-output>
  </reporter-output>
  <suite name="nopCommerce" duration-ms="55106" started-at="2020-04-13T14:10:49Z" finished-at="2020-04-13T14:11:45Z">
    <groups>
    </groups>
    <test name="Test1" duration-ms="55106" started-at="2020-04-13T14:10:49Z" finished-at="2020-04-13T14:11:45Z">
      <class name="com.nopcommerce.testCases.TC_LoginTest">
        <test-method status="PASS" signature="setup(java.lang.String)[pri:0, instance:com.nopcommerce.testCases.TC_LoginTest@6e1567f1]" name="setup" is-config="true" duration-ms="5983" started-at="2020-04-13T14:10:50Z" finished-at="2020-04-13T14:10:56Z">
          <params>
            <param index="0">
              <value>
                <![CDATA[chrome]]>
              </value>
            </param>
          </params>
          <reporter-output>
          </reporter-output>
        </test-method> <!-- setup -->
        <test-method status="PASS" signature="loginTest()[pri:0, instance:com.nopcommerce.testCases.TC_LoginTest@6e1567f1]" name="loginTest" duration-ms="18409" started-at="2020-04-13T14:10:56Z" finished-at="2020-04-13T14:11:14Z">
          <reporter-output>
          </reporter-output>
        </test-method> <!-- loginTest -->
        <test-method status="PASS" signature="tearDown()[pri:0, instance:com.nopcommerce.testCases.TC_LoginTest@6e1567f1]" name="tearDown" is-config="true" duration-ms="644" started-at="2020-04-13T14:11:14Z" finished-at="2020-04-13T14:11:15Z">
          <reporter-output>
          </reporter-output>
        </test-method> <!-- tearDown -->
      </class> <!-- com.nopcommerce.testCases.TC_LoginTest -->
      <class name="com.nopcommerce.testCases.TC_AddCustomerTest_003">
        <test-method status="PASS" signature="setup(java.lang.String)[pri:0, instance:com.nopcommerce.testCases.TC_AddCustomerTest_003@5cb9f472]" name="setup" is-config="true" duration-ms="5282" started-at="2020-04-13T14:11:15Z" finished-at="2020-04-13T14:11:20Z">
          <params>
            <param index="0">
              <value>
                <![CDATA[chrome]]>
              </value>
            </param>
          </params>
          <reporter-output>
          </reporter-output>
        </test-method> <!-- setup -->
        <test-method status="PASS" signature="addNewCustomer()[pri:0, instance:com.nopcommerce.testCases.TC_AddCustomerTest_003@5cb9f472]" name="addNewCustomer" duration-ms="23897" started-at="2020-04-13T14:11:20Z" finished-at="2020-04-13T14:11:44Z">
          <reporter-output>
          </reporter-output>
        </test-method> <!-- addNewCustomer -->
        <test-method status="PASS" signature="tearDown()[pri:0, instance:com.nopcommerce.testCases.TC_AddCustomerTest_003@5cb9f472]" name="tearDown" is-config="true" duration-ms="652" started-at="2020-04-13T14:11:44Z" finished-at="2020-04-13T14:11:45Z">
          <reporter-output>
          </reporter-output>
        </test-method> <!-- tearDown -->
      </class> <!-- com.nopcommerce.testCases.TC_AddCustomerTest_003 -->
    </test> <!-- Test1 -->
  </suite> <!-- nopCommerce -->
</testng-results>
